<?xml version="1.0" encoding="UTF-8"?>
<coverage generated="1695045927634" clover="3.2.0">
  <project timestamp="1695045927634" name="All files">
    <metrics statements="34" coveredstatements="33" conditionals="6" coveredconditionals="4" methods="12" coveredmethods="12" elements="52" coveredelements="49" complexity="0" loc="34" ncloc="34" packages="1" files="2" classes="2"/>
    <file name="Body.js" path="C:\Users\Cristi\Desktop\namaste-react\src\components\Body.js">
      <metrics statements="25" coveredstatements="24" conditionals="6" coveredconditionals="4" methods="9" coveredmethods="9"/>
      <line num="8" count="1" type="stmt"/>
      <line num="9" count="7" type="stmt"/>
      <line num="10" count="7" type="stmt"/>
      <line num="12" count="7" type="stmt"/>
      <line num="14" count="7" type="stmt"/>
      <line num="15" count="7" type="stmt"/>
      <line num="16" count="2" type="stmt"/>
      <line num="19" count="7" type="stmt"/>
      <line num="20" count="2" type="stmt"/>
      <line num="21" count="2" type="stmt"/>
      <line num="23" count="2" type="stmt"/>
      <line num="26" count="2" type="stmt"/>
      <line num="31" count="7" type="stmt"/>
      <line num="33" count="7" type="cond" truecount="1" falsecount="1"/>
      <line num="34" count="0" type="stmt"/>
      <line num="40" count="7" type="cond" truecount="2" falsecount="0"/>
      <line num="52" count="1" type="stmt"/>
      <line num="59" count="1" type="stmt"/>
      <line num="60" count="1" type="stmt"/>
      <line num="62" count="9" type="stmt"/>
      <line num="66" count="1" type="stmt"/>
      <line num="76" count="1" type="stmt"/>
      <line num="77" count="9" type="stmt"/>
      <line num="79" count="1" type="stmt"/>
      <line num="88" count="36" type="stmt"/>
    </file>
    <file name="RestaurantCard.js" path="C:\Users\Cristi\Desktop\namaste-react\src\components\RestaurantCard.js">
      <metrics statements="9" coveredstatements="9" conditionals="0" coveredconditionals="0" methods="3" coveredmethods="3"/>
      <line num="3" count="2" type="stmt"/>
      <line num="4" count="37" type="stmt"/>
      <line num="5" count="37" type="stmt"/>
      <line num="7" count="37" type="stmt"/>
      <line num="8" count="37" type="stmt"/>
      <line num="9" count="37" type="stmt"/>
      <line num="28" count="2" type="stmt"/>
      <line num="29" count="7" type="stmt"/>
      <line num="30" count="36" type="stmt"/>
    </file>
  </project>
</coverage>
