{"C:\\Users\\Cristi\\Desktop\\namaste-react\\src\\components\\Body.js": {"path":"C:\\Users\\Cristi\\Desktop\\namaste-react\\src\\components\\Body.js","statementMap":{"0":{"start":{"line":8,"column":13},"end":{"line":102,"column":1}},"1":{"start":{"line":9,"column":52},"end":{"line":9,"column":64}},"2":{"start":{"line":10,"column":54},"end":{"line":10,"column":66}},"3":{"start":{"line":12,"column":38},"end":{"line":12,"column":50}},"4":{"start":{"line":14,"column":29},"end":{"line":14,"column":58}},"5":{"start":{"line":15,"column":2},"end":{"line":17,"column":9}},"6":{"start":{"line":16,"column":4},"end":{"line":16,"column":16}},"7":{"start":{"line":19,"column":20},"end":{"line":29,"column":3}},"8":{"start":{"line":20,"column":17},"end":{"line":20,"column":44}},"9":{"start":{"line":21,"column":17},"end":{"line":21,"column":34}},"10":{"start":{"line":23,"column":4},"end":{"line":25,"column":6}},"11":{"start":{"line":26,"column":4},"end":{"line":28,"column":6}},"12":{"start":{"line":31,"column":23},"end":{"line":31,"column":40}},"13":{"start":{"line":33,"column":2},"end":{"line":37,"column":3}},"14":{"start":{"line":34,"column":4},"end":{"line":36,"column":6}},"15":{"start":{"line":40,"column":2},"end":{"line":101,"column":4}},"16":{"start":{"line":52,"column":14},"end":{"line":52,"column":44}},"17":{"start":{"line":59,"column":14},"end":{"line":59,"column":38}},"18":{"start":{"line":60,"column":41},"end":{"line":65,"column":15}},"19":{"start":{"line":62,"column":18},"end":{"line":64,"column":55}},"20":{"start":{"line":66,"column":14},"end":{"line":66,"column":56}},"21":{"start":{"line":76,"column":35},"end":{"line":78,"column":15}},"22":{"start":{"line":77,"column":32},"end":{"line":77,"column":61}},"23":{"start":{"line":79,"column":14},"end":{"line":79,"column":50}},"24":{"start":{"line":88,"column":10},"end":{"line":97,"column":17}}},"fnMap":{"0":{"name":"(anonymous_0)","decl":{"start":{"line":8,"column":13},"end":{"line":8,"column":14}},"loc":{"start":{"line":8,"column":19},"end":{"line":102,"column":1}},"line":8},"1":{"name":"(anonymous_1)","decl":{"start":{"line":15,"column":12},"end":{"line":15,"column":13}},"loc":{"start":{"line":15,"column":18},"end":{"line":17,"column":3}},"line":15},"2":{"name":"(anonymous_2)","decl":{"start":{"line":19,"column":20},"end":{"line":19,"column":21}},"loc":{"start":{"line":19,"column":32},"end":{"line":29,"column":3}},"line":19},"3":{"name":"(anonymous_3)","decl":{"start":{"line":51,"column":22},"end":{"line":51,"column":23}},"loc":{"start":{"line":51,"column":29},"end":{"line":53,"column":13}},"line":51},"4":{"name":"(anonymous_4)","decl":{"start":{"line":57,"column":21},"end":{"line":57,"column":22}},"loc":{"start":{"line":57,"column":27},"end":{"line":67,"column":13}},"line":57},"5":{"name":"(anonymous_5)","decl":{"start":{"line":61,"column":16},"end":{"line":61,"column":17}},"loc":{"start":{"line":62,"column":18},"end":{"line":64,"column":55}},"line":62},"6":{"name":"(anonymous_6)","decl":{"start":{"line":75,"column":21},"end":{"line":75,"column":22}},"loc":{"start":{"line":75,"column":27},"end":{"line":80,"column":13}},"line":75},"7":{"name":"(anonymous_7)","decl":{"start":{"line":77,"column":16},"end":{"line":77,"column":17}},"loc":{"start":{"line":77,"column":32},"end":{"line":77,"column":61}},"line":77},"8":{"name":"(anonymous_8)","decl":{"start":{"line":87,"column":32},"end":{"line":87,"column":33}},"loc":{"start":{"line":88,"column":10},"end":{"line":97,"column":17}},"line":88}},"branchMap":{"0":{"loc":{"start":{"line":33,"column":2},"end":{"line":37,"column":3}},"type":"if","locations":[{"start":{"line":33,"column":2},"end":{"line":37,"column":3}},{"start":{},"end":{}}],"line":33},"1":{"loc":{"start":{"line":40,"column":9},"end":{"line":101,"column":3}},"type":"cond-expr","locations":[{"start":{"line":41,"column":4},"end":{"line":41,"column":15}},{"start":{"line":43,"column":4},"end":{"line":100,"column":10}}],"line":40},"2":{"loc":{"start":{"line":92,"column":13},"end":{"line":96,"column":13}},"type":"cond-expr","locations":[{"start":{"line":93,"column":14},"end":{"line":93,"column":57}},{"start":{"line":95,"column":14},"end":{"line":95,"column":53}}],"line":92}},"s":{"0":1,"1":7,"2":7,"3":7,"4":7,"5":7,"6":2,"7":7,"8":2,"9":2,"10":2,"11":2,"12":7,"13":7,"14":0,"15":7,"16":1,"17":1,"18":1,"19":9,"20":1,"21":1,"22":9,"23":1,"24":36},"f":{"0":7,"1":2,"2":2,"3":1,"4":1,"5":9,"6":1,"7":9,"8":36},"b":{"0":[0,7],"1":[2,5],"2":[36,0]},"_coverageSchema":"1a1c01bbd47fc00a2c39e90264f33305004495a9","hash":"301c2a876a315c4dd80a7badc560aa67c4354500"}
,"C:\\Users\\Cristi\\Desktop\\namaste-react\\src\\components\\RestaurantCard.js": {"path":"C:\\Users\\Cristi\\Desktop\\namaste-react\\src\\components\\RestaurantCard.js","statementMap":{"0":{"start":{"line":3,"column":23},"end":{"line":26,"column":1}},"1":{"start":{"line":4,"column":22},"end":{"line":4,"column":27}},"2":{"start":{"line":5,"column":19},"end":{"line":5,"column":26}},"3":{"start":{"line":7,"column":4},"end":{"line":7,"column":8}},"4":{"start":{"line":8,"column":27},"end":{"line":8,"column":30}},"5":{"start":{"line":9,"column":2},"end":{"line":25,"column":4}},"6":{"start":{"line":28,"column":29},"end":{"line":39,"column":1}},"7":{"start":{"line":29,"column":2},"end":{"line":38,"column":4}},"8":{"start":{"line":30,"column":4},"end":{"line":37,"column":6}}},"fnMap":{"0":{"name":"(anonymous_0)","decl":{"start":{"line":3,"column":23},"end":{"line":3,"column":24}},"loc":{"start":{"line":3,"column":34},"end":{"line":26,"column":1}},"line":3},"1":{"name":"(anonymous_1)","decl":{"start":{"line":28,"column":29},"end":{"line":28,"column":30}},"loc":{"start":{"line":28,"column":49},"end":{"line":39,"column":1}},"line":28},"2":{"name":"(anonymous_2)","decl":{"start":{"line":29,"column":9},"end":{"line":29,"column":10}},"loc":{"start":{"line":29,"column":20},"end":{"line":38,"column":3}},"line":29}},"branchMap":{},"s":{"0":2,"1":37,"2":37,"3":37,"4":37,"5":37,"6":2,"7":7,"8":36},"f":{"0":37,"1":7,"2":36},"b":{},"_coverageSchema":"1a1c01bbd47fc00a2c39e90264f33305004495a9","hash":"a4aee45f6618291dfd9a4205e62aeab8b8386e94"}
}
