{"C:\\Users\\Cristi\\Desktop\\namaste-react\\src\\components\\Contact.js": {"path":"C:\\Users\\Cristi\\Desktop\\namaste-react\\src\\components\\Contact.js","statementMap":{"0":{"start":{"line":1,"column":16},"end":{"line":22,"column":1}},"1":{"start":{"line":2,"column":2},"end":{"line":21,"column":4}}},"fnMap":{"0":{"name":"(anonymous_0)","decl":{"start":{"line":1,"column":16},"end":{"line":1,"column":17}},"loc":{"start":{"line":1,"column":22},"end":{"line":22,"column":1}},"line":1}},"branchMap":{},"s":{"0":1,"1":4},"f":{"0":4},"b":{},"_coverageSchema":"1a1c01bbd47fc00a2c39e90264f33305004495a9","hash":"25f398dc638019aecd18aafb95ab76c9fb3f28ca"}
,"C:\\Users\\Cristi\\Desktop\\namaste-react\\src\\components\\Header.js": {"path":"C:\\Users\\Cristi\\Desktop\\namaste-react\\src\\components\\Header.js","statementMap":{"0":{"start":{"line":8,"column":15},"end":{"line":57,"column":1}},"1":{"start":{"line":9,"column":30},"end":{"line":9,"column":47}},"2":{"start":{"line":11,"column":23},"end":{"line":11,"column":40}},"3":{"start":{"line":13,"column":27},"end":{"line":13,"column":50}},"4":{"start":{"line":15,"column":20},"end":{"line":15,"column":60}},"5":{"start":{"line":15,"column":43},"end":{"line":15,"column":59}},"6":{"start":{"line":17,"column":2},"end":{"line":56,"column":4}},"7":{"start":{"line":47,"column":14},"end":{"line":47,"column":76}}},"fnMap":{"0":{"name":"(anonymous_0)","decl":{"start":{"line":8,"column":15},"end":{"line":8,"column":16}},"loc":{"start":{"line":8,"column":21},"end":{"line":57,"column":1}},"line":8},"1":{"name":"(anonymous_1)","decl":{"start":{"line":15,"column":32},"end":{"line":15,"column":33}},"loc":{"start":{"line":15,"column":43},"end":{"line":15,"column":59}},"line":15},"2":{"name":"(anonymous_2)","decl":{"start":{"line":46,"column":21},"end":{"line":46,"column":22}},"loc":{"start":{"line":46,"column":27},"end":{"line":48,"column":13}},"line":46}},"branchMap":{"0":{"loc":{"start":{"line":26,"column":30},"end":{"line":26,"column":55}},"type":"cond-expr","locations":[{"start":{"line":26,"column":45},"end":{"line":26,"column":48}},{"start":{"line":26,"column":51},"end":{"line":26,"column":55}}],"line":26},"1":{"loc":{"start":{"line":47,"column":14},"end":{"line":47,"column":75}},"type":"cond-expr","locations":[{"start":{"line":47,"column":35},"end":{"line":47,"column":54}},{"start":{"line":47,"column":57},"end":{"line":47,"column":75}}],"line":47}},"s":{"0":1,"1":5,"2":5,"3":5,"4":5,"5":9,"6":5,"7":1},"f":{"0":5,"1":9,"2":1},"b":{"0":[5,0],"1":[1,0]},"_coverageSchema":"1a1c01bbd47fc00a2c39e90264f33305004495a9","hash":"fc7a3696f0f26de1469a904f8e51e794e21af8fe"}
,"C:\\Users\\Cristi\\Desktop\\namaste-react\\src\\components\\RestaurantCard.js": {"path":"C:\\Users\\Cristi\\Desktop\\namaste-react\\src\\components\\RestaurantCard.js","statementMap":{"0":{"start":{"line":3,"column":23},"end":{"line":23,"column":1}},"1":{"start":{"line":4,"column":22},"end":{"line":4,"column":27}},"2":{"start":{"line":5,"column":19},"end":{"line":5,"column":26}},"3":{"start":{"line":7,"column":4},"end":{"line":7,"column":8}},"4":{"start":{"line":8,"column":27},"end":{"line":8,"column":30}},"5":{"start":{"line":9,"column":2},"end":{"line":22,"column":4}},"6":{"start":{"line":25,"column":29},"end":{"line":36,"column":1}},"7":{"start":{"line":26,"column":2},"end":{"line":35,"column":4}},"8":{"start":{"line":27,"column":4},"end":{"line":34,"column":6}}},"fnMap":{"0":{"name":"(anonymous_0)","decl":{"start":{"line":3,"column":23},"end":{"line":3,"column":24}},"loc":{"start":{"line":3,"column":34},"end":{"line":23,"column":1}},"line":3},"1":{"name":"(anonymous_1)","decl":{"start":{"line":25,"column":29},"end":{"line":25,"column":30}},"loc":{"start":{"line":25,"column":49},"end":{"line":36,"column":1}},"line":25},"2":{"name":"(anonymous_2)","decl":{"start":{"line":26,"column":9},"end":{"line":26,"column":10}},"loc":{"start":{"line":26,"column":20},"end":{"line":35,"column":3}},"line":26}},"branchMap":{},"s":{"0":1,"1":2,"2":2,"3":2,"4":2,"5":2,"6":1,"7":0,"8":0},"f":{"0":2,"1":0,"2":0},"b":{},"_coverageSchema":"1a1c01bbd47fc00a2c39e90264f33305004495a9","hash":"11e6f60d1f625aa8d7f1d6a2f5d9d6521092b6ce"}
,"C:\\Users\\Cristi\\Desktop\\namaste-react\\src\\components\\sum.js": {"path":"C:\\Users\\Cristi\\Desktop\\namaste-react\\src\\components\\sum.js","statementMap":{"0":{"start":{"line":1,"column":19},"end":{"line":3,"column":1}},"1":{"start":{"line":2,"column":2},"end":{"line":2,"column":15}}},"fnMap":{"0":{"name":"(anonymous_0)","decl":{"start":{"line":1,"column":19},"end":{"line":1,"column":20}},"loc":{"start":{"line":1,"column":29},"end":{"line":3,"column":1}},"line":1}},"branchMap":{},"s":{"0":1,"1":1},"f":{"0":1},"b":{},"_coverageSchema":"1a1c01bbd47fc00a2c39e90264f33305004495a9","hash":"d49f135031971a2dd04463675e2228f4bf00d3c3"}
,"C:\\Users\\Cristi\\Desktop\\namaste-react\\src\\utils\\UserContext.js": {"path":"C:\\Users\\Cristi\\Desktop\\namaste-react\\src\\utils\\UserContext.js","statementMap":{"0":{"start":{"line":3,"column":20},"end":{"line":5,"column":2}}},"fnMap":{},"branchMap":{},"s":{"0":1},"f":{},"b":{},"_coverageSchema":"1a1c01bbd47fc00a2c39e90264f33305004495a9","hash":"fca43ce7a1d4a082d46f9dffeeeb1d6c94a6527b"}
,"C:\\Users\\Cristi\\Desktop\\namaste-react\\src\\utils\\appStore.js": {"path":"C:\\Users\\Cristi\\Desktop\\namaste-react\\src\\utils\\appStore.js","statementMap":{"0":{"start":{"line":4,"column":17},"end":{"line":8,"column":2}}},"fnMap":{},"branchMap":{},"s":{"0":1},"f":{},"b":{},"_coverageSchema":"1a1c01bbd47fc00a2c39e90264f33305004495a9","hash":"1b6b2841cc5ad03f4116135537c433d402488763"}
,"C:\\Users\\Cristi\\Desktop\\namaste-react\\src\\utils\\cartSlice.js": {"path":"C:\\Users\\Cristi\\Desktop\\namaste-react\\src\\utils\\cartSlice.js","statementMap":{"0":{"start":{"line":3,"column":18},"end":{"line":19,"column":2}},"1":{"start":{"line":10,"column":6},"end":{"line":10,"column":39}},"2":{"start":{"line":13,"column":6},"end":{"line":13,"column":24}},"3":{"start":{"line":16,"column":6},"end":{"line":16,"column":29}},"4":{"start":{"line":21,"column":50},"end":{"line":21,"column":67}}},"fnMap":{"0":{"name":"(anonymous_0)","decl":{"start":{"line":9,"column":13},"end":{"line":9,"column":14}},"loc":{"start":{"line":9,"column":32},"end":{"line":11,"column":5}},"line":9},"1":{"name":"(anonymous_1)","decl":{"start":{"line":12,"column":16},"end":{"line":12,"column":17}},"loc":{"start":{"line":12,"column":27},"end":{"line":14,"column":5}},"line":12},"2":{"name":"(anonymous_2)","decl":{"start":{"line":15,"column":15},"end":{"line":15,"column":16}},"loc":{"start":{"line":15,"column":26},"end":{"line":17,"column":5}},"line":15}},"branchMap":{},"s":{"0":1,"1":0,"2":0,"3":0,"4":1},"f":{"0":0,"1":0,"2":0},"b":{},"_coverageSchema":"1a1c01bbd47fc00a2c39e90264f33305004495a9","hash":"332bc572dcac5c05493e65fe600ee85829344fef"}
,"C:\\Users\\Cristi\\Desktop\\namaste-react\\src\\utils\\constants.js": {"path":"C:\\Users\\Cristi\\Desktop\\namaste-react\\src\\utils\\constants.js","statementMap":{"0":{"start":{"line":2,"column":2},"end":{"line":2,"column":85}},"1":{"start":{"line":5,"column":2},"end":{"line":5,"column":68}},"2":{"start":{"line":8,"column":2},"end":{"line":8,"column":132}},"3":{"start":{"line":11,"column":2},"end":{"line":11,"column":147}},"4":{"start":{"line":13,"column":24},"end":{"line":13,"column":70}}},"fnMap":{},"branchMap":{},"s":{"0":2,"1":2,"2":2,"3":2,"4":2},"f":{},"b":{},"_coverageSchema":"1a1c01bbd47fc00a2c39e90264f33305004495a9","hash":"aa37284777f40771d9331f1bae1f6c6ee9432c69"}
,"C:\\Users\\Cristi\\Desktop\\namaste-react\\src\\utils\\useOnlineStatus.js": {"path":"C:\\Users\\Cristi\\Desktop\\namaste-react\\src\\utils\\useOnlineStatus.js","statementMap":{"0":{"start":{"line":3,"column":24},"end":{"line":12,"column":1}},"1":{"start":{"line":4,"column":42},"end":{"line":4,"column":56}},"2":{"start":{"line":6,"column":2},"end":{"line":9,"column":9}},"3":{"start":{"line":7,"column":4},"end":{"line":7,"column":69}},"4":{"start":{"line":7,"column":45},"end":{"line":7,"column":67}},"5":{"start":{"line":8,"column":4},"end":{"line":8,"column":67}},"6":{"start":{"line":8,"column":44},"end":{"line":8,"column":65}},"7":{"start":{"line":11,"column":2},"end":{"line":11,"column":22}}},"fnMap":{"0":{"name":"(anonymous_0)","decl":{"start":{"line":3,"column":24},"end":{"line":3,"column":25}},"loc":{"start":{"line":3,"column":30},"end":{"line":12,"column":1}},"line":3},"1":{"name":"(anonymous_1)","decl":{"start":{"line":6,"column":12},"end":{"line":6,"column":13}},"loc":{"start":{"line":6,"column":18},"end":{"line":9,"column":3}},"line":6},"2":{"name":"(anonymous_2)","decl":{"start":{"line":7,"column":39},"end":{"line":7,"column":40}},"loc":{"start":{"line":7,"column":45},"end":{"line":7,"column":67}},"line":7},"3":{"name":"(anonymous_3)","decl":{"start":{"line":8,"column":38},"end":{"line":8,"column":39}},"loc":{"start":{"line":8,"column":44},"end":{"line":8,"column":65}},"line":8}},"branchMap":{},"s":{"0":1,"1":5,"2":5,"3":4,"4":0,"5":4,"6":0,"7":5},"f":{"0":5,"1":4,"2":0,"3":0},"b":{},"_coverageSchema":"1a1c01bbd47fc00a2c39e90264f33305004495a9","hash":"f5c4a48cdcb7cc51845378eecd6f7fdf2dbd03e6"}
}
